<?xml version="1.0" encoding="UTF-8"?>
<!-- Generated by org.testng.reporters.JUnitReportReporter -->
<testsuite hostname="LTIN192298" failures="0" tests="8" name="testCases.TC004_GymCategory" time="144.802" errors="0" timestamp="2024-02-13T10:40:03 IST" skipped="0">
  <testcase classname="testCases.TC004_GymCategory" name="locationCountry" time="14.901"/>
  <system-out/>
  <testcase classname="testCases.TC004_GymCategory" name="locationCity" time="13.317"/>
  <system-out/>
  <testcase classname="testCases.TC004_GymCategory" name="searchCarWash" time="12.113"/>
  <system-out/>
  <testcase classname="testCases.TC004_GymCategory" name="carWashDetails" time="84.477"/>
  <system-out/>
  <testcase classname="testCases.TC004_GymCategory" name="clickfreelisting" time="3.067"/>
  <system-out/>
  <testcase classname="testCases.TC004_GymCategory" name="freeListingLogin" time="8.647"/>
  <system-out/>
  <testcase classname="testCases.TC004_GymCategory" name="clickGym" time="1.718"/>
  <system-out/>
  <testcase classname="testCases.TC004_GymCategory" name="displayCategories" time="6.562"/>
  <system-out/>
</testsuite> <!-- testCases.TC004_GymCategory -->
