<?xml version="1.0" encoding="UTF-8"?>
<!-- Generated by org.testng.reporters.JUnitReportReporter -->
<testsuite hostname="LTIN192298" failures="0" tests="8" name="testCases.TC004_GymCategory" time="165.821" errors="0" timestamp="2024-02-08T11:27:54 IST" skipped="0">
  <testcase classname="testCases.TC004_GymCategory" name="locationCountry" time="31.432"/>
  <system-out/>
  <testcase classname="testCases.TC004_GymCategory" name="locationCity" time="20.092"/>
  <system-out/>
  <testcase classname="testCases.TC004_GymCategory" name="searchCarWash" time="22.036"/>
  <system-out/>
  <testcase classname="testCases.TC004_GymCategory" name="carWashDetails" time="72.784"/>
  <system-out/>
  <testcase classname="testCases.TC004_GymCategory" name="clickfreelisting" time="2.658"/>
  <system-out/>
  <testcase classname="testCases.TC004_GymCategory" name="freeListingLogin" time="8.589"/>
  <system-out/>
  <testcase classname="testCases.TC004_GymCategory" name="clickGym" time="1.685"/>
  <system-out/>
  <testcase classname="testCases.TC004_GymCategory" name="displayCategories" time="6.545"/>
  <system-out/>
</testsuite> <!-- testCases.TC004_GymCategory -->
