<?xml version="1.0" encoding="UTF-8"?>
<!-- Generated by org.testng.reporters.JUnitReportReporter -->
<testsuite hostname="LTIN192298" failures="0" tests="8" name="testCases.TC004_GymCategory" time="189.712" errors="0" timestamp="2024-02-13T10:06:57 IST" skipped="0">
  <testcase classname="testCases.TC004_GymCategory" name="locationCountry" time="23.037"/>
  <system-out/>
  <testcase classname="testCases.TC004_GymCategory" name="locationCity" time="28.389"/>
  <system-out/>
  <testcase classname="testCases.TC004_GymCategory" name="searchCarWash" time="23.877"/>
  <system-out/>
  <testcase classname="testCases.TC004_GymCategory" name="carWashDetails" time="79.866"/>
  <system-out/>
  <testcase classname="testCases.TC004_GymCategory" name="clickfreelisting" time="17.746"/>
  <system-out/>
  <testcase classname="testCases.TC004_GymCategory" name="freeListingLogin" time="8.725"/>
  <system-out/>
  <testcase classname="testCases.TC004_GymCategory" name="clickGym" time="1.543"/>
  <system-out/>
  <testcase classname="testCases.TC004_GymCategory" name="displayCategories" time="6.529"/>
  <system-out/>
</testsuite> <!-- testCases.TC004_GymCategory -->
